<?xml version="1.0" encoding="UTF-8"?>
<testsuite name="com.bridgelabz.UserRegistrationTest" tests="1" skipped="0" failures="0" errors="0" timestamp="2022-07-12T12:13:44" hostname="KISALAY" time="0.015">
  <properties/>
  <testcase name="happyFirstName()" classname="com.bridgelabz.UserRegistrationTest" time="0.015"/>
  <system-out><![CDATA[FirstName is valid 

]]></system-out>
  <system-err><![CDATA[]]></system-err>
</testsuite>
