<?xml version="1.0" encoding="UTF-8"?>
<testsuite name="com.bridgelabz.PasswordTest" tests="1" skipped="0" failures="0" errors="0" timestamp="2022-07-10T17:39:23" hostname="KISALAY" time="0.02">
  <properties/>
  <testcase name="happyFirstName()" classname="com.bridgelabz.PasswordTest" time="0.02"/>
  <system-out><![CDATA[]]></system-out>
  <system-err><![CDATA[]]></system-err>
</testsuite>
